23:39:38.198 [main] DEBUG api.test.UserTests2 - debugging.....
23:39:38.208 [main] INFO  api.test.UserTests2 - ********** Creating user  ***************
23:39:40.780 [main] INFO  api.test.UserTests2 - **********User is creatged  ***************
23:39:40.794 [main] INFO  api.test.UserTests2 - ********** Reading User Info ***************
23:39:42.103 [main] INFO  api.test.UserTests2 - **********User info  is displayed ***************
23:39:42.106 [main] INFO  api.test.UserTests2 - ********** Updating User ***************
23:39:43.521 [main] INFO  api.test.UserTests2 - ********** User updated ***************
23:39:44.757 [main] INFO  api.test.UserTests2 - **********   Deleting User  ***************
23:39:46.154 [main] INFO  api.test.UserTests2 - ********** User deleted ***************
23:42:03.200 [main] DEBUG api.test.UserTests2 - debugging.....
23:42:03.210 [main] INFO  api.test.UserTests2 - ********** Creating user  ***************
23:42:05.594 [main] INFO  api.test.UserTests2 - **********User is creatged  ***************
23:42:05.607 [main] INFO  api.test.UserTests2 - ********** Reading User Info ***************
23:42:07.158 [main] INFO  api.test.UserTests2 - **********User info  is displayed ***************
23:42:07.160 [main] INFO  api.test.UserTests2 - ********** Updating User ***************
23:42:08.354 [main] INFO  api.test.UserTests2 - ********** User updated ***************
23:42:09.700 [main] INFO  api.test.UserTests2 - **********   Deleting User  ***************
23:42:11.025 [main] INFO  api.test.UserTests2 - ********** User deleted ***************
00:17:54.025 [main] DEBUG api.test.UserTests2 - debugging.....
00:17:54.034 [main] INFO  api.test.UserTests2 - ********** Creating user  ***************
00:17:56.511 [main] INFO  api.test.UserTests2 - **********User is creatged  ***************
00:17:56.522 [main] INFO  api.test.UserTests2 - ********** Reading User Info ***************
00:17:57.835 [main] INFO  api.test.UserTests2 - **********User info  is displayed ***************
00:17:57.837 [main] INFO  api.test.UserTests2 - ********** Updating User ***************
00:17:59.169 [main] INFO  api.test.UserTests2 - ********** User updated ***************
00:18:00.473 [main] INFO  api.test.UserTests2 - **********   Deleting User  ***************
00:18:01.721 [main] INFO  api.test.UserTests2 - ********** User deleted ***************
00:50:33.429 [main] DEBUG api.test.UserTests2 - debugging.....
00:50:33.437 [main] INFO  api.test.UserTests2 - ********** Creating user  ***************
00:50:36.090 [main] INFO  api.test.UserTests2 - **********User is creatged  ***************
00:50:36.100 [main] INFO  api.test.UserTests2 - ********** Reading User Info ***************
00:50:37.552 [main] INFO  api.test.UserTests2 - **********User info  is displayed ***************
00:50:37.553 [main] INFO  api.test.UserTests2 - ********** Updating User ***************
00:50:38.830 [main] INFO  api.test.UserTests2 - ********** User updated ***************
00:50:40.057 [main] INFO  api.test.UserTests2 - **********   Deleting User  ***************
00:50:41.524 [main] INFO  api.test.UserTests2 - ********** User deleted ***************
16:20:01.013 [main] DEBUG api.test.UserTests2 - debugging.....
16:20:01.021 [main] INFO  api.test.UserTests2 - ********** Creating user  ***************
16:20:03.435 [main] INFO  api.test.UserTests2 - **********User is creatged  ***************
16:20:03.445 [main] INFO  api.test.UserTests2 - ********** Reading User Info ***************
16:20:04.679 [main] INFO  api.test.UserTests2 - **********User info  is displayed ***************
16:20:04.680 [main] INFO  api.test.UserTests2 - ********** Updating User ***************
16:20:05.897 [main] INFO  api.test.UserTests2 - ********** User updated ***************
16:20:07.094 [main] INFO  api.test.UserTests2 - **********   Deleting User  ***************
16:20:08.274 [main] INFO  api.test.UserTests2 - ********** User deleted ***************
20:29:00.758 [main] DEBUG api.test.UserTests - debugging.....
20:29:00.770 [main] INFO  api.test.UserTests - ********** Reading User Info ***************
20:32:16.093 [main] DEBUG api.test.UserTests - debugging.....
20:32:16.115 [main] INFO  api.test.UserTests - ********** Reading User Info ***************
20:35:22.844 [main] DEBUG api.test.UserTests - debugging.....
20:35:22.865 [main] INFO  api.test.UserTests - ********** Reading User Info ***************
